45.0 APEX_CODE,FINEST;APEX_PROFILING,INFO;CALLOUT,INFO;DB,INFO;NBA,INFO;SYSTEM,DEBUG;VALIDATION,INFO;VISUALFORCE,INFO;WAVE,INFO;WORKFLOW,INFO
Execute Anonymous: test.main();
13:48:44.3 (3568328)|USER_INFO|[EXTERNAL]|0050o00000W6Uka|j611062000@cunning-wolf-gr70mm.com|(GMT+08:00) China Standard Time (Asia/Taipei)|GMT+08:00
13:48:44.3 (3593875)|EXECUTION_STARTED
13:48:44.3 (3599310)|CODE_UNIT_STARTED|[EXTERNAL]|execute_anonymous_apex
13:48:44.3 (3829924)|HEAP_ALLOCATE|[72]|Bytes:3
13:48:44.3 (3867156)|HEAP_ALLOCATE|[77]|Bytes:152
13:48:44.3 (3880638)|HEAP_ALLOCATE|[342]|Bytes:408
13:48:44.3 (3892930)|HEAP_ALLOCATE|[355]|Bytes:408
13:48:44.3 (3903396)|HEAP_ALLOCATE|[467]|Bytes:48
13:48:44.3 (3927995)|HEAP_ALLOCATE|[139]|Bytes:6
13:48:44.3 (3952764)|HEAP_ALLOCATE|[EXTERNAL]|Bytes:1
13:48:44.3 (4051370)|STATEMENT_EXECUTE|[1]
13:48:44.3 (4055202)|STATEMENT_EXECUTE|[1]
13:48:44.3 (4108872)|HEAP_ALLOCATE|[50]|Bytes:5
13:48:44.3 (4132303)|HEAP_ALLOCATE|[56]|Bytes:5
13:48:44.3 (4140923)|HEAP_ALLOCATE|[64]|Bytes:7
13:48:44.3 (4159760)|SYSTEM_MODE_ENTER|false
13:48:44.3 (4179206)|HEAP_ALLOCATE|[1]|Bytes:5
13:48:44.3 (16764451)|HEAP_ALLOCATE|[1]|Bytes:1
13:48:44.3 (16786958)|HEAP_ALLOCATE|[1]|Bytes:1
13:48:44.3 (16815924)|METHOD_ENTRY|[1]|01p0o00000Cg9Og|test.test()
13:48:44.3 (16827804)|STATEMENT_EXECUTE|[1]
13:48:44.3 (16835771)|STATEMENT_EXECUTE|[1]
13:48:44.3 (16843711)|METHOD_EXIT|[1]|test
13:48:44.3 (16877337)|METHOD_ENTRY|[1]|01p0o00000Cg9Og|test.main()
13:48:44.3 (16933459)|STATEMENT_EXECUTE|[3]
13:48:44.3 (16936568)|STATEMENT_EXECUTE|[4]
13:48:44.3 (16946213)|VARIABLE_SCOPE_BEGIN|[4]|x|Integer|false|false
13:48:44.3 (16962982)|HEAP_ALLOCATE|[4]|Bytes:4
13:48:44.3 (16990938)|VARIABLE_ASSIGNMENT|[4]|x|2
13:48:44.3 (17007964)|STATEMENT_EXECUTE|[5]
13:48:44.3 (17011228)|STATEMENT_EXECUTE|[6]
13:48:44.3 (17016017)|HEAP_ALLOCATE|[6]|Bytes:1
13:48:44.3 (17086794)|USER_DEBUG|[6]|DEBUG|1
13:48:44.3 (17107969)|METHOD_EXIT|[1]|01p0o00000Cg9Og|test.main()
13:48:44.3 (17120579)|SYSTEM_MODE_EXIT|false
13:48:44.17 (17180978)|CUMULATIVE_LIMIT_USAGE
13:48:44.17 (17180978)|LIMIT_USAGE_FOR_NS|(default)|
  Number of SOQL queries: 0 out of 100
  Number of query rows: 0 out of 50000
  Number of SOSL queries: 0 out of 20
  Number of DML statements: 0 out of 150
  Number of DML rows: 0 out of 10000
  Maximum CPU time: 0 out of 10000
  Maximum heap size: 0 out of 6000000
  Number of callouts: 0 out of 100
  Number of Email Invocations: 0 out of 10
  Number of future calls: 0 out of 50
  Number of queueable jobs added to the queue: 0 out of 50
  Number of Mobile Apex push calls: 0 out of 10

13:48:44.17 (17180978)|CUMULATIVE_LIMIT_USAGE_END

13:48:44.3 (17233889)|CODE_UNIT_FINISHED|execute_anonymous_apex
13:48:44.3 (19050572)|EXECUTION_FINISHED
